Determining if the pthread_create exist failed with the following output:
Change Dir: /home/flightmare/flightlib/CMakeFiles/CMakeTmp

Run Build Command:"/usr/bin/make" "cmTC_52f4e/fast"
/usr/bin/make -f CMakeFiles/cmTC_52f4e.dir/build.make CMakeFiles/cmTC_52f4e.dir/build
make[1]: Entering directory '/home/flightmare/flightlib/CMakeFiles/CMakeTmp'
Building C object CMakeFiles/cmTC_52f4e.dir/CheckSymbolExists.c.o
/usr/bin/cc    -o CMakeFiles/cmTC_52f4e.dir/CheckSymbolExists.c.o   -c /home/flightmare/flightlib/CMakeFiles/CMakeTmp/CheckSymbolExists.c
Linking C executable cmTC_52f4e
/usr/bin/cmake -E cmake_link_script CMakeFiles/cmTC_52f4e.dir/link.txt --verbose=1
/usr/bin/cc      CMakeFiles/cmTC_52f4e.dir/CheckSymbolExists.c.o  -o cmTC_52f4e 
CMakeFiles/cmTC_52f4e.dir/CheckSymbolExists.c.o: In function `main':
CheckSymbolExists.c:(.text+0x1b): undefined reference to `pthread_create'
collect2: error: ld returned 1 exit status
CMakeFiles/cmTC_52f4e.dir/build.make:97: recipe for target 'cmTC_52f4e' failed
make[1]: *** [cmTC_52f4e] Error 1
make[1]: Leaving directory '/home/flightmare/flightlib/CMakeFiles/CMakeTmp'
Makefile:126: recipe for target 'cmTC_52f4e/fast' failed
make: *** [cmTC_52f4e/fast] Error 2

File /home/flightmare/flightlib/CMakeFiles/CMakeTmp/CheckSymbolExists.c:
/* */
#include <pthread.h>

int main(int argc, char** argv)
{
  (void)argv;
#ifndef pthread_create
  return ((int*)(&pthread_create))[argc];
#else
  (void)argc;
  return 0;
#endif
}

Determining if the function pthread_create exists in the pthreads failed with the following output:
Change Dir: /home/flightmare/flightlib/CMakeFiles/CMakeTmp

Run Build Command:"/usr/bin/make" "cmTC_ce108/fast"
/usr/bin/make -f CMakeFiles/cmTC_ce108.dir/build.make CMakeFiles/cmTC_ce108.dir/build
make[1]: Entering directory '/home/flightmare/flightlib/CMakeFiles/CMakeTmp'
Building C object CMakeFiles/cmTC_ce108.dir/CheckFunctionExists.c.o
/usr/bin/cc   -DCHECK_FUNCTION_EXISTS=pthread_create   -o CMakeFiles/cmTC_ce108.dir/CheckFunctionExists.c.o   -c /usr/share/cmake-3.10/Modules/CheckFunctionExists.c
Linking C executable cmTC_ce108
/usr/bin/cmake -E cmake_link_script CMakeFiles/cmTC_ce108.dir/link.txt --verbose=1
/usr/bin/cc  -DCHECK_FUNCTION_EXISTS=pthread_create    CMakeFiles/cmTC_ce108.dir/CheckFunctionExists.c.o  -o cmTC_ce108 -lpthreads 
/usr/bin/ld: cannot find -lpthreads
collect2: error: ld returned 1 exit status
CMakeFiles/cmTC_ce108.dir/build.make:97: recipe for target 'cmTC_ce108' failed
make[1]: *** [cmTC_ce108] Error 1
make[1]: Leaving directory '/home/flightmare/flightlib/CMakeFiles/CMakeTmp'
Makefile:126: recipe for target 'cmTC_ce108/fast' failed
make: *** [cmTC_ce108/fast] Error 2


